app/build/intermediates/manifest_merge_blame_file/debug/processDebugMainManifest/manifest-merger-blame-debug-report.txt
1<?xml version="1.0" encoding="utf-8"?>
2<manifest xmlns:android="http://schemas.android.com/apk/res/android"
3    package="com.antigravity.applocker"
4    android:versionCode="2"
5    android:versionName="1.1" >
6
7    <uses-sdk
8        android:minSdkVersion="28"
9        android:targetSdkVersion="34" />
10
11    <!-- Permissions for Phase 5 & 6 -->
12    <uses-permission android:name="android.permission.PACKAGE_USAGE_STATS" />
12-->src\main\AndroidManifest.xml:6:5-114
12-->src\main\AndroidManifest.xml:6:22-75
13    <uses-permission android:name="android.permission.SYSTEM_ALERT_WINDOW" />
13-->src\main\AndroidManifest.xml:7:5-78
13-->src\main\AndroidManifest.xml:7:22-75
14    <uses-permission android:name="android.permission.RECEIVE_BOOT_COMPLETED" />
14-->src\main\AndroidManifest.xml:8:5-81
14-->src\main\AndroidManifest.xml:8:22-78
15    <uses-permission android:name="android.permission.FOREGROUND_SERVICE" />
15-->src\main\AndroidManifest.xml:9:5-77
15-->src\main\AndroidManifest.xml:9:22-74
16    <uses-permission android:name="android.permission.FOREGROUND_SERVICE_SPECIAL_USE" />
16-->src\main\AndroidManifest.xml:10:5-89
16-->src\main\AndroidManifest.xml:10:22-86
17    <uses-permission android:name="android.permission.USE_BIOMETRIC" />
17-->src\main\AndroidManifest.xml:11:5-72
17-->src\main\AndroidManifest.xml:11:22-69
18
19    <!-- Required to query installed apps -->
20    <uses-permission android:name="android.permission.QUERY_ALL_PACKAGES" />
20-->src\main\AndroidManifest.xml:14:5-119
20-->src\main\AndroidManifest.xml:14:22-74
21
22    <!-- suppress DeprecatedClassUsageInspection -->
23    <uses-permission android:name="android.permission.USE_FINGERPRINT" />
23-->[androidx.biometric:biometric:1.1.0] AndroidManifest.xml:27:5-74
23-->[androidx.biometric:biometric:1.1.0] AndroidManifest.xml:27:22-71
24
25    <permission
25-->[androidx.core:core:1.13.1] AndroidManifest.xml:22:5-24:47
26        android:name="com.antigravity.applocker.DYNAMIC_RECEIVER_NOT_EXPORTED_PERMISSION"
26-->[androidx.core:core:1.13.1] AndroidManifest.xml:23:9-81
27        android:protectionLevel="signature" />
27-->[androidx.core:core:1.13.1] AndroidManifest.xml:24:9-44
28
29    <uses-permission android:name="com.antigravity.applocker.DYNAMIC_RECEIVER_NOT_EXPORTED_PERMISSION" />
29-->[androidx.core:core:1.13.1] AndroidManifest.xml:26:5-97
29-->[androidx.core:core:1.13.1] AndroidManifest.xml:26:22-94
30
31    <application
31-->src\main\AndroidManifest.xml:16:5-99:19
32        android:name="com.antigravity.applocker.AppLockerApplication"
32-->src\main\AndroidManifest.xml:17:9-45
33        android:allowBackup="false"
33-->src\main\AndroidManifest.xml:18:9-36
34        android:appComponentFactory="androidx.core.app.CoreComponentFactory"
34-->[androidx.core:core:1.13.1] AndroidManifest.xml:28:18-86
35        android:dataExtractionRules="@xml/data_extraction_rules"
35-->src\main\AndroidManifest.xml:19:9-65
36        android:debuggable="true"
37        android:extractNativeLibs="false"
38        android:fullBackupContent="@xml/backup_rules"
38-->src\main\AndroidManifest.xml:20:9-54
39        android:icon="@android:drawable/sym_def_app_icon"
39-->src\main\AndroidManifest.xml:21:9-58
40        android:label="@string/app_name"
40-->src\main\AndroidManifest.xml:22:9-41
41        android:roundIcon="@android:drawable/sym_def_app_icon"
41-->src\main\AndroidManifest.xml:23:9-63
42        android:supportsRtl="true"
42-->src\main\AndroidManifest.xml:24:9-35
43        android:theme="@style/Theme.AppLocker" >
43-->src\main\AndroidManifest.xml:25:9-47
44        <activity
44-->src\main\AndroidManifest.xml:28:9-36:20
45            android:name="com.antigravity.applocker.MainActivity"
45-->src\main\AndroidManifest.xml:29:13-41
46            android:exported="true"
46-->src\main\AndroidManifest.xml:30:13-36
47            android:theme="@style/Theme.AppLocker" >
47-->src\main\AndroidManifest.xml:31:13-51
48            <intent-filter>
48-->src\main\AndroidManifest.xml:32:13-35:29
49                <action android:name="android.intent.action.MAIN" />
49-->src\main\AndroidManifest.xml:33:17-69
49-->src\main\AndroidManifest.xml:33:25-66
50
51                <category android:name="android.intent.category.LAUNCHER" />
51-->src\main\AndroidManifest.xml:34:17-77
51-->src\main\AndroidManifest.xml:34:27-74
52            </intent-filter>
53        </activity>
54        <activity
54-->src\main\AndroidManifest.xml:38:9-45:54
55            android:name="com.antigravity.applocker.presentation.lock.LockActivity"
55-->src\main\AndroidManifest.xml:39:13-59
56            android:excludeFromRecents="true"
56-->src\main\AndroidManifest.xml:41:13-46
57            android:exported="false"
57-->src\main\AndroidManifest.xml:40:13-37
58            android:launchMode="singleInstance"
58-->src\main\AndroidManifest.xml:44:13-48
59            android:noHistory="true"
59-->src\main\AndroidManifest.xml:42:13-37
60            android:taskAffinity="com.antigravity.applocker.lockscreen"
60-->src\main\AndroidManifest.xml:43:13-72
61            android:theme="@style/Theme.AppLocker" />
61-->src\main\AndroidManifest.xml:45:13-51
62
63        <service
63-->src\main\AndroidManifest.xml:47:9-50:58
64            android:name="com.antigravity.applocker.lockengine.AppLockService"
64-->src\main\AndroidManifest.xml:48:13-54
65            android:exported="false"
65-->src\main\AndroidManifest.xml:49:13-37
66            android:foregroundServiceType="specialUse" />
66-->src\main\AndroidManifest.xml:50:13-55
67
68        <receiver
68-->src\main\AndroidManifest.xml:52:9-58:20
69            android:name="com.antigravity.applocker.lockengine.BootReceiver"
69-->src\main\AndroidManifest.xml:53:13-52
70            android:exported="true" >
70-->src\main\AndroidManifest.xml:54:13-36
71            <intent-filter>
71-->src\main\AndroidManifest.xml:55:13-57:29
72                <action android:name="android.intent.action.BOOT_COMPLETED" />
72-->src\main\AndroidManifest.xml:56:17-79
72-->src\main\AndroidManifest.xml:56:25-76
73            </intent-filter>
74        </receiver>
75        <receiver
75-->src\main\AndroidManifest.xml:60:9-72:20
76            android:name="com.antigravity.applocker.lockengine.AppLockerDeviceAdminReceiver"
76-->src\main\AndroidManifest.xml:61:13-68
77            android:description="@string/app_name"
77-->src\main\AndroidManifest.xml:62:13-51
78            android:exported="true"
78-->src\main\AndroidManifest.xml:65:13-36
79            android:label="@string/app_name"
79-->src\main\AndroidManifest.xml:63:13-45
80            android:permission="android.permission.BIND_DEVICE_ADMIN" >
80-->src\main\AndroidManifest.xml:64:13-70
81            <meta-data
81-->src\main\AndroidManifest.xml:66:13-68:56
82                android:name="android.app.device_admin"
82-->src\main\AndroidManifest.xml:67:17-56
83                android:resource="@xml/device_admin" />
83-->src\main\AndroidManifest.xml:68:17-53
84
85            <intent-filter>
85-->src\main\AndroidManifest.xml:69:13-71:29
86                <action android:name="android.app.action.DEVICE_ADMIN_ENABLED" />
86-->src\main\AndroidManifest.xml:70:17-82
86-->src\main\AndroidManifest.xml:70:25-79
87            </intent-filter>
88        </receiver>
89        <receiver
89-->src\main\AndroidManifest.xml:74:9-81:20
90            android:name="com.antigravity.applocker.triggers.SecretCodeReceiver"
90-->src\main\AndroidManifest.xml:75:13-56
91            android:exported="true" >
91-->src\main\AndroidManifest.xml:76:13-36
92            <intent-filter>
92-->src\main\AndroidManifest.xml:77:13-80:29
93                <action android:name="android.provider.Telephony.SECRET_CODE" />
93-->src\main\AndroidManifest.xml:78:17-81
93-->src\main\AndroidManifest.xml:78:25-78
94
95                <data
95-->src\main\AndroidManifest.xml:79:17-82
96                    android:host="0987"
96-->src\main\AndroidManifest.xml:79:60-79
97                    android:scheme="android_secret_code" />
97-->src\main\AndroidManifest.xml:79:23-59
98            </intent-filter>
99        </receiver>
100
101        <service
101-->src\main\AndroidManifest.xml:83:9-93:19
102            android:name="com.antigravity.applocker.triggers.AppLockerAccessibilityService"
102-->src\main\AndroidManifest.xml:84:13-67
103            android:exported="true"
103-->src\main\AndroidManifest.xml:86:13-36
104            android:permission="android.permission.BIND_ACCESSIBILITY_SERVICE" >
104-->src\main\AndroidManifest.xml:85:13-79
105            <intent-filter>
105-->src\main\AndroidManifest.xml:87:13-89:29
106                <action android:name="android.accessibilityservice.AccessibilityService" />
106-->src\main\AndroidManifest.xml:88:17-92
106-->src\main\AndroidManifest.xml:88:25-89
107            </intent-filter>
108
109            <meta-data
109-->src\main\AndroidManifest.xml:90:13-92:72
110                android:name="android.accessibilityservice"
110-->src\main\AndroidManifest.xml:91:17-60
111                android:resource="@xml/accessibility_service_config" />
111-->src\main\AndroidManifest.xml:92:17-69
112        </service>
113        <service
113-->src\main\AndroidManifest.xml:95:9-97:40
114            android:name="com.antigravity.applocker.triggers.GestureOverlayService"
114-->src\main\AndroidManifest.xml:96:13-59
115            android:exported="false" />
115-->src\main\AndroidManifest.xml:97:13-37
116
117        <activity
117-->[androidx.compose.ui:ui-tooling-android:1.6.7] AndroidManifest.xml:23:9-25:39
118            android:name="androidx.compose.ui.tooling.PreviewActivity"
118-->[androidx.compose.ui:ui-tooling-android:1.6.7] AndroidManifest.xml:24:13-71
119            android:exported="true" />
119-->[androidx.compose.ui:ui-tooling-android:1.6.7] AndroidManifest.xml:25:13-36
120        <activity
120-->[androidx.compose.ui:ui-test-manifest:1.6.7] AndroidManifest.xml:23:9-25:39
121            android:name="androidx.activity.ComponentActivity"
121-->[androidx.compose.ui:ui-test-manifest:1.6.7] AndroidManifest.xml:24:13-63
122            android:exported="true" />
122-->[androidx.compose.ui:ui-test-manifest:1.6.7] AndroidManifest.xml:25:13-36
123
124        <provider
124-->[androidx.emoji2:emoji2:1.3.0] AndroidManifest.xml:24:9-32:20
125            android:name="androidx.startup.InitializationProvider"
125-->[androidx.emoji2:emoji2:1.3.0] AndroidManifest.xml:25:13-67
126            android:authorities="com.antigravity.applocker.androidx-startup"
126-->[androidx.emoji2:emoji2:1.3.0] AndroidManifest.xml:26:13-68
127            android:exported="false" >
127-->[androidx.emoji2:emoji2:1.3.0] AndroidManifest.xml:27:13-37
128            <meta-data
128-->[androidx.emoji2:emoji2:1.3.0] AndroidManifest.xml:29:13-31:52
129                android:name="androidx.emoji2.text.EmojiCompatInitializer"
129-->[androidx.emoji2:emoji2:1.3.0] AndroidManifest.xml:30:17-75
130                android:value="androidx.startup" />
130-->[androidx.emoji2:emoji2:1.3.0] AndroidManifest.xml:31:17-49
131            <meta-data
131-->[androidx.lifecycle:lifecycle-process:2.7.0] AndroidManifest.xml:29:13-31:52
132                android:name="androidx.lifecycle.ProcessLifecycleInitializer"
132-->[androidx.lifecycle:lifecycle-process:2.7.0] AndroidManifest.xml:30:17-78
133                android:value="androidx.startup" />
133-->[androidx.lifecycle:lifecycle-process:2.7.0] AndroidManifest.xml:31:17-49
134            <meta-data
134-->[androidx.profileinstaller:profileinstaller:1.3.1] AndroidManifest.xml:29:13-31:52
135                android:name="androidx.profileinstaller.ProfileInstallerInitializer"
135-->[androidx.profileinstaller:profileinstaller:1.3.1] AndroidManifest.xml:30:17-85
136                android:value="androidx.startup" />
136-->[androidx.profileinstaller:profileinstaller:1.3.1] AndroidManifest.xml:31:17-49
137        </provider>
138
139        <service
139-->[androidx.room:room-runtime:2.6.1] AndroidManifest.xml:24:9-28:63
140            android:name="androidx.room.MultiInstanceInvalidationService"
140-->[androidx.room:room-runtime:2.6.1] AndroidManifest.xml:25:13-74
141            android:directBootAware="true"
141-->[androidx.room:room-runtime:2.6.1] AndroidManifest.xml:26:13-43
142            android:exported="false" />
142-->[androidx.room:room-runtime:2.6.1] AndroidManifest.xml:27:13-37
143
144        <receiver
144-->[androidx.profileinstaller:profileinstaller:1.3.1] AndroidManifest.xml:34:9-52:20
145            android:name="androidx.profileinstaller.ProfileInstallReceiver"
145-->[androidx.profileinstaller:profileinstaller:1.3.1] AndroidManifest.xml:35:13-76
146            android:directBootAware="false"
146-->[androidx.profileinstaller:profileinstaller:1.3.1] AndroidManifest.xml:36:13-44
147            android:enabled="true"
147-->[androidx.profileinstaller:profileinstaller:1.3.1] AndroidManifest.xml:37:13-35
148            android:exported="true"
148-->[androidx.profileinstaller:profileinstaller:1.3.1] AndroidManifest.xml:38:13-36
149            android:permission="android.permission.DUMP" >
149-->[androidx.profileinstaller:profileinstaller:1.3.1] AndroidManifest.xml:39:13-57
150            <intent-filter>
150-->[androidx.profileinstaller:profileinstaller:1.3.1] AndroidManifest.xml:40:13-42:29
151                <action android:name="androidx.profileinstaller.action.INSTALL_PROFILE" />
151-->[androidx.profileinstaller:profileinstaller:1.3.1] AndroidManifest.xml:41:17-91
151-->[androidx.profileinstaller:profileinstaller:1.3.1] AndroidManifest.xml:41:25-88
152            </intent-filter>
153            <intent-filter>
153-->[androidx.profileinstaller:profileinstaller:1.3.1] AndroidManifest.xml:43:13-45:29
154                <action android:name="androidx.profileinstaller.action.SKIP_FILE" />
154-->[androidx.profileinstaller:profileinstaller:1.3.1] AndroidManifest.xml:44:17-85
154-->[androidx.profileinstaller:profileinstaller:1.3.1] AndroidManifest.xml:44:25-82
155            </intent-filter>
156            <intent-filter>
156-->[androidx.profileinstaller:profileinstaller:1.3.1] AndroidManifest.xml:46:13-48:29
157                <action android:name="androidx.profileinstaller.action.SAVE_PROFILE" />
157-->[androidx.profileinstaller:profileinstaller:1.3.1] AndroidManifest.xml:47:17-88
157-->[androidx.profileinstaller:profileinstaller:1.3.1] AndroidManifest.xml:47:25-85
158            </intent-filter>
159            <intent-filter>
159-->[androidx.profileinstaller:profileinstaller:1.3.1] AndroidManifest.xml:49:13-51:29
160                <action android:name="androidx.profileinstaller.action.BENCHMARK_OPERATION" />
160-->[androidx.profileinstaller:profileinstaller:1.3.1] AndroidManifest.xml:50:17-95
160-->[androidx.profileinstaller:profileinstaller:1.3.1] AndroidManifest.xml:50:25-92
161            </intent-filter>
162        </receiver>
163    </application>
164
165</manifest>